[20:22:55] [Client thread/INFO]: Setting user: Player182
[20:22:57] [Client thread/INFO]: LWJGL Version: 2.9.1
[20:22:59] [Client thread/INFO]: Reloading ResourceManager: Default, FMLFileResourcePack:Forge Mod Loader, FMLFileResourcePack:Minecraft Forge, FMLFileResourcePack:Drone
[20:22:59] [Client thread/ERROR]: Couldn't initialize twitch stream
[20:23:00] [Sound Library Loader/INFO]: Starting up SoundSystem...
[20:23:00] [Thread-7/INFO]: Initializing LWJGL OpenAL
[20:23:00] [Thread-7/INFO]: (The LWJGL binding of OpenAL.  For more information, see http://www.lwjgl.org)
[20:23:00] [Thread-7/INFO]: OpenAL initialized.
[20:23:00] [Sound Library Loader/INFO]: Sound engine started
[20:23:01] [Client thread/INFO]: Created: 16x16 textures-atlas
[20:23:02] [Client thread/INFO]: Reloading ResourceManager: Default, FMLFileResourcePack:Forge Mod Loader, FMLFileResourcePack:Minecraft Forge, FMLFileResourcePack:Drone
[20:23:02] [Client thread/INFO]: SoundSystem shutting down...
[20:23:02] [Client thread/WARN]: Author: Paul Lamb, www.paulscode.com
[20:23:02] [Sound Library Loader/INFO]: Starting up SoundSystem...
[20:23:02] [Thread-9/INFO]: Initializing LWJGL OpenAL
[20:23:02] [Thread-9/INFO]: (The LWJGL binding of OpenAL.  For more information, see http://www.lwjgl.org)
[20:23:02] [Thread-9/INFO]: OpenAL initialized.
[20:23:03] [Sound Library Loader/INFO]: Sound engine started
[20:23:03] [Client thread/INFO]: Created: 512x512 textures-atlas
[20:23:20] [Server thread/INFO]: Starting integrated minecraft server version 1.8
[20:23:20] [Server thread/INFO]: Generating keypair
[20:23:20] [Server thread/INFO]: Converting map!
[20:23:20] [Server thread/INFO]: Scanning folders...
[20:23:20] [Server thread/INFO]: Total conversion count is 0
[20:23:21] [Server thread/INFO]: Preparing start region for level 0
[20:23:22] [Server thread/INFO]: Preparing spawn area: 8%
[20:23:23] [Server thread/INFO]: Preparing spawn area: 17%
[20:23:24] [Server thread/INFO]: Preparing spawn area: 28%
[20:23:25] [Server thread/INFO]: Preparing spawn area: 40%
[20:23:26] [Server thread/INFO]: Preparing spawn area: 52%
[20:23:27] [Server thread/INFO]: Preparing spawn area: 64%
[20:23:28] [Server thread/INFO]: Preparing spawn area: 77%
[20:23:29] [Server thread/INFO]: Preparing spawn area: 91%
[20:23:30] [Server thread/INFO]: Preparing spawn area: 99%
[20:23:30] [Server thread/INFO]: Changing view distance to 12, from 10
[20:23:32] [Server thread/INFO]: Player182[local:E:afdef2fe] logged in with entity id 369 at (-155.5, 70.0, 202.5)
[20:23:32] [Server thread/INFO]: Player182 joined the game
[20:23:36] [Server thread/WARN]: Can't keep up! Did the system time change, or is the server overloaded? Running 2254ms behind, skipping 45 tick(s)
[20:23:37] [Server thread/INFO]: Player182 has just earned the achievement [Taking Inventory]
[20:23:37] [Client thread/INFO]: [CHAT] Player182 has just earned the achievement [Taking Inventory]
[20:23:49] [Server thread/INFO]: Saving and pausing game...
[20:23:49] [Server thread/INFO]: Saving chunks for level 'devworld'/Overworld
[20:23:50] [Server thread/INFO]: Saving chunks for level 'devworld'/Nether
[20:23:50] [Server thread/INFO]: Saving chunks for level 'devworld'/The End
[20:24:49] [Server thread/INFO]: Saving and pausing game...
[20:24:49] [Server thread/INFO]: Saving chunks for level 'devworld'/Overworld
[20:24:49] [Server thread/INFO]: Saving chunks for level 'devworld'/Nether
[20:24:49] [Server thread/INFO]: Saving chunks for level 'devworld'/The End
[20:24:50] [Server thread/INFO]: Stopping server
[20:24:50] [Server thread/INFO]: Saving players
[20:24:50] [Server thread/INFO]: Saving worlds
[20:24:50] [Server thread/INFO]: Saving chunks for level 'devworld'/Overworld
[20:24:50] [Server thread/INFO]: Saving chunks for level 'devworld'/Nether
[20:24:50] [Server thread/INFO]: Saving chunks for level 'devworld'/The End
